{"C:\\Users\\nprasad\\swagger\\ts-node-app\\src\\app.ts": {"path":"C:\\Users\\nprasad\\swagger\\ts-node-app\\src\\app.ts","statementMap":{"0":{"start":{"line":1,"column":0},"end":{"line":1,"column":26}},"1":{"start":{"line":3,"column":0},"end":{"line":3,"column":30}},"2":{"start":{"line":5,"column":0},"end":{"line":5,"column":30}},"3":{"start":{"line":6,"column":0},"end":{"line":6,"column":38}},"4":{"start":{"line":8,"column":12},"end":{"line":8,"column":21}},"5":{"start":{"line":11,"column":2},"end":{"line":11,"column":58}},"6":{"start":{"line":13,"column":2},"end":{"line":15,"column":5}},"7":{"start":{"line":14,"column":4},"end":{"line":14,"column":60}},"8":{"start":{"line":18,"column":0},"end":{"line":18,"column":14}},"9":{"start":{"line":19,"column":0},"end":{"line":19,"column":21}}},"fnMap":{"0":{"name":"startServer","decl":{"start":{"line":10,"column":15},"end":{"line":10,"column":26}},"loc":{"start":{"line":10,"column":26},"end":{"line":16,"column":null}}},"1":{"name":"(anonymous_17)","decl":{"start":{"line":13,"column":35},"end":{"line":13,"column":null}},"loc":{"start":{"line":13,"column":35},"end":{"line":15,"column":3}}}},"branchMap":{"0":{"loc":{"start":{"line":11,"column":2},"end":{"line":11,"column":58}},"type":"switch","locations":[{"start":{"line":11,"column":2},"end":{"line":11,"column":58}}]}},"s":{"0":1,"1":1,"2":1,"3":1,"4":1,"5":2,"6":1,"7":1,"8":1,"9":1},"f":{"0":1,"1":1},"b":{"0":[1]}}
,"C:\\Users\\nprasad\\swagger\\ts-node-app\\src\\api\\index.ts": {"path":"C:\\Users\\nprasad\\swagger\\ts-node-app\\src\\api\\index.ts","statementMap":{"0":{"start":{"line":1,"column":0},"end":{"line":1,"column":33}},"1":{"start":{"line":2,"column":0},"end":{"line":2,"column":42}},"2":{"start":{"line":3,"column":0},"end":{"line":3,"column":42}},"3":{"start":{"line":5,"column":0},"end":{"line":10,"column":2}},"4":{"start":{"line":6,"column":14},"end":{"line":6,"column":22}},"5":{"start":{"line":7,"column":2},"end":{"line":7,"column":13}},"6":{"start":{"line":8,"column":2},"end":{"line":8,"column":13}},"7":{"start":{"line":9,"column":2},"end":{"line":9,"column":13}}},"fnMap":{"0":{"name":"(anonymous_1)","decl":{"start":{"line":5,"column":15},"end":{"line":5,"column":null}},"loc":{"start":{"line":5,"column":15},"end":{"line":10,"column":1}}}},"branchMap":{},"s":{"0":1,"1":1,"2":1,"3":1,"4":1,"5":1,"6":1,"7":1},"f":{"0":1},"b":{}}
,"C:\\Users\\nprasad\\swagger\\ts-node-app\\src\\api\\controllers\\books.controller.ts": {"path":"C:\\Users\\nprasad\\swagger\\ts-node-app\\src\\api\\controllers\\books.controller.ts","statementMap":{"0":{"start":{"line":2,"column":0},"end":{"line":2,"column":60}},"1":{"start":{"line":3,"column":0},"end":{"line":3,"column":42}},"2":{"start":{"line":4,"column":0},"end":{"line":4,"column":39}},"3":{"start":{"line":5,"column":0},"end":{"line":5,"column":31}},"4":{"start":{"line":7,"column":0},"end":{"line":7,"column":13}},"5":{"start":{"line":10,"column":4},"end":{"line":10,"column":52}},"6":{"start":{"line":12,"column":8},"end":{"line":22,"column":null}},"7":{"start":{"line":14,"column":6},"end":{"line":14,"column":44}},"8":{"start":{"line":15,"column":24},"end":{"line":15,"column":null}},"9":{"start":{"line":15,"column":12},"end":{"line":15,"column":null}},"10":{"start":{"line":16,"column":6},"end":{"line":16,"column":51}},"11":{"start":{"line":17,"column":6},"end":{"line":17,"column":45}},"12":{"start":{"line":19,"column":6},"end":{"line":19,"column":30}},"13":{"start":{"line":20,"column":6},"end":{"line":20,"column":22}},"14":{"start":{"line":23,"column":8},"end":{"line":38,"column":null}},"15":{"start":{"line":25,"column":6},"end":{"line":25,"column":46}},"16":{"start":{"line":26,"column":6},"end":{"line":26,"column":51}},"17":{"start":{"line":27,"column":6},"end":{"line":27,"column":52}},"18":{"start":{"line":28,"column":6},"end":{"line":33,"column":21}},"19":{"start":{"line":35,"column":6},"end":{"line":35,"column":30}},"20":{"start":{"line":36,"column":6},"end":{"line":36,"column":22}},"21":{"start":{"line":39,"column":8},"end":{"line":52,"column":null}},"22":{"start":{"line":41,"column":6},"end":{"line":41,"column":51}},"23":{"start":{"line":42,"column":26},"end":{"line":44,"column":null}},"24":{"start":{"line":42,"column":12},"end":{"line":44,"column":null}},"25":{"start":{"line":45,"column":6},"end":{"line":45,"column":54}},"26":{"start":{"line":46,"column":6},"end":{"line":46,"column":47}},"27":{"start":{"line":48,"column":6},"end":{"line":48,"column":40}},"28":{"start":{"line":49,"column":6},"end":{"line":49,"column":30}},"29":{"start":{"line":50,"column":6},"end":{"line":50,"column":36}},"30":{"start":{"line":53,"column":8},"end":{"line":73,"column":null}},"31":{"start":{"line":55,"column":6},"end":{"line":55,"column":54}},"32":{"start":{"line":56,"column":19},"end":{"line":59,"column":null}},"33":{"start":{"line":56,"column":12},"end":{"line":59,"column":null}},"34":{"start":{"line":60,"column":6},"end":{"line":62,"column":null}},"35":{"start":{"line":61,"column":8},"end":{"line":61,"column":26}},"36":{"start":{"line":63,"column":6},"end":{"line":63,"column":47}},"37":{"start":{"line":64,"column":6},"end":{"line":66,"column":21}},"38":{"start":{"line":68,"column":6},"end":{"line":68,"column":40}},"39":{"start":{"line":69,"column":6},"end":{"line":69,"column":30}},"40":{"start":{"line":70,"column":6},"end":{"line":70,"column":36}},"41":{"start":{"line":71,"column":6},"end":{"line":71,"column":14}},"42":{"start":{"line":74,"column":8},"end":{"line":92,"column":null}},"43":{"start":{"line":76,"column":6},"end":{"line":76,"column":46}},"44":{"start":{"line":77,"column":26},"end":{"line":79,"column":null}},"45":{"start":{"line":77,"column":12},"end":{"line":79,"column":null}},"46":{"start":{"line":80,"column":6},"end":{"line":82,"column":null}},"47":{"start":{"line":81,"column":8},"end":{"line":81,"column":26}},"48":{"start":{"line":83,"column":6},"end":{"line":83,"column":38}},"49":{"start":{"line":84,"column":6},"end":{"line":86,"column":21}},"50":{"start":{"line":88,"column":6},"end":{"line":88,"column":40}},"51":{"start":{"line":89,"column":6},"end":{"line":89,"column":30}},"52":{"start":{"line":90,"column":6},"end":{"line":90,"column":36}},"53":{"start":{"line":93,"column":8},"end":{"line":109,"column":null}},"54":{"start":{"line":95,"column":6},"end":{"line":95,"column":51}},"55":{"start":{"line":96,"column":26},"end":{"line":98,"column":null}},"56":{"start":{"line":96,"column":12},"end":{"line":98,"column":null}},"57":{"start":{"line":99,"column":6},"end":{"line":101,"column":null}},"58":{"start":{"line":100,"column":8},"end":{"line":100,"column":26}},"59":{"start":{"line":102,"column":6},"end":{"line":102,"column":52}},"60":{"start":{"line":103,"column":6},"end":{"line":103,"column":56}},"61":{"start":{"line":105,"column":6},"end":{"line":105,"column":40}},"62":{"start":{"line":106,"column":6},"end":{"line":106,"column":30}},"63":{"start":{"line":107,"column":6},"end":{"line":107,"column":36}},"64":{"start":{"line":110,"column":8},"end":{"line":132,"column":null}},"65":{"start":{"line":112,"column":6},"end":{"line":112,"column":53}},"66":{"start":{"line":113,"column":25},"end":{"line":116,"column":null}},"67":{"start":{"line":113,"column":12},"end":{"line":116,"column":null}},"68":{"start":{"line":117,"column":6},"end":{"line":119,"column":null}},"69":{"start":{"line":118,"column":8},"end":{"line":118,"column":26}},"70":{"start":{"line":120,"column":6},"end":{"line":120,"column":45}},"71":{"start":{"line":121,"column":6},"end":{"line":126,"column":21}},"72":{"start":{"line":128,"column":6},"end":{"line":128,"column":40}},"73":{"start":{"line":129,"column":6},"end":{"line":129,"column":30}},"74":{"start":{"line":130,"column":6},"end":{"line":130,"column":36}},"75":{"start":{"line":133,"column":8},"end":{"line":156,"column":null}},"76":{"start":{"line":135,"column":6},"end":{"line":135,"column":53}},"77":{"start":{"line":136,"column":25},"end":{"line":140,"column":null}},"78":{"start":{"line":136,"column":12},"end":{"line":140,"column":null}},"79":{"start":{"line":141,"column":6},"end":{"line":143,"column":null}},"80":{"start":{"line":142,"column":8},"end":{"line":142,"column":26}},"81":{"start":{"line":144,"column":6},"end":{"line":144,"column":46}},"82":{"start":{"line":145,"column":6},"end":{"line":150,"column":21}},"83":{"start":{"line":152,"column":6},"end":{"line":152,"column":60}},"84":{"start":{"line":153,"column":6},"end":{"line":153,"column":30}},"85":{"start":{"line":154,"column":6},"end":{"line":154,"column":36}},"86":{"start":{"line":157,"column":8},"end":{"line":173,"column":null}},"87":{"start":{"line":159,"column":6},"end":{"line":159,"column":50}},"88":{"start":{"line":160,"column":25},"end":{"line":162,"column":null}},"89":{"start":{"line":160,"column":12},"end":{"line":162,"column":null}},"90":{"start":{"line":163,"column":6},"end":{"line":165,"column":null}},"91":{"start":{"line":164,"column":8},"end":{"line":164,"column":26}},"92":{"start":{"line":166,"column":6},"end":{"line":166,"column":56}},"93":{"start":{"line":167,"column":6},"end":{"line":167,"column":46}},"94":{"start":{"line":169,"column":6},"end":{"line":169,"column":60}},"95":{"start":{"line":170,"column":6},"end":{"line":170,"column":30}},"96":{"start":{"line":171,"column":6},"end":{"line":171,"column":36}},"97":{"start":{"line":174,"column":8},"end":{"line":196,"column":null}},"98":{"start":{"line":175,"column":4},"end":{"line":175,"column":51}},"99":{"start":{"line":177,"column":31},"end":{"line":180,"column":null}},"100":{"start":{"line":177,"column":12},"end":{"line":180,"column":null}},"101":{"start":{"line":181,"column":6},"end":{"line":183,"column":null}},"102":{"start":{"line":182,"column":8},"end":{"line":182,"column":26}},"103":{"start":{"line":184,"column":6},"end":{"line":184,"column":59}},"104":{"start":{"line":185,"column":6},"end":{"line":190,"column":21}},"105":{"start":{"line":192,"column":6},"end":{"line":192,"column":60}},"106":{"start":{"line":193,"column":6},"end":{"line":193,"column":30}},"107":{"start":{"line":194,"column":6},"end":{"line":194,"column":36}},"108":{"start":{"line":197,"column":0},"end":{"line":197,"column":null}},"109":{"start":{"line":7,"column":13},"end":{"line":7,"column":28}}},"fnMap":{"0":{"name":"(anonymous_14)","decl":{"start":{"line":7,"column":0},"end":{"line":7,"column":13}},"loc":{"start":{"line":7,"column":0},"end":{"line":197,"column":null}}},"1":{"name":"BooksController","decl":{"start":{"line":9,"column":2},"end":{"line":9,"column":null}},"loc":{"start":{"line":9,"column":2},"end":{"line":11,"column":3}}},"2":{"name":"(anonymous_16)","decl":{"start":{"line":12,"column":2},"end":{"line":12,"column":8}},"loc":{"start":{"line":12,"column":64},"end":{"line":22,"column":null}}},"3":{"name":"(anonymous_19)","decl":{"start":{"line":23,"column":2},"end":{"line":23,"column":8}},"loc":{"start":{"line":23,"column":66},"end":{"line":38,"column":null}}},"4":{"name":"(anonymous_22)","decl":{"start":{"line":39,"column":2},"end":{"line":39,"column":8}},"loc":{"start":{"line":39,"column":70},"end":{"line":52,"column":null}}},"5":{"name":"(anonymous_25)","decl":{"start":{"line":53,"column":2},"end":{"line":53,"column":8}},"loc":{"start":{"line":53,"column":66},"end":{"line":73,"column":null}}},"6":{"name":"(anonymous_28)","decl":{"start":{"line":74,"column":2},"end":{"line":74,"column":8}},"loc":{"start":{"line":74,"column":66},"end":{"line":92,"column":null}}},"7":{"name":"(anonymous_31)","decl":{"start":{"line":93,"column":2},"end":{"line":93,"column":8}},"loc":{"start":{"line":93,"column":70},"end":{"line":109,"column":null}}},"8":{"name":"(anonymous_34)","decl":{"start":{"line":110,"column":2},"end":{"line":110,"column":8}},"loc":{"start":{"line":110,"column":72},"end":{"line":132,"column":null}}},"9":{"name":"(anonymous_37)","decl":{"start":{"line":133,"column":2},"end":{"line":133,"column":8}},"loc":{"start":{"line":133,"column":72},"end":{"line":156,"column":null}}},"10":{"name":"(anonymous_40)","decl":{"start":{"line":157,"column":2},"end":{"line":157,"column":8}},"loc":{"start":{"line":157,"column":69},"end":{"line":173,"column":null}}},"11":{"name":"(anonymous_43)","decl":{"start":{"line":174,"column":2},"end":{"line":174,"column":8}},"loc":{"start":{"line":174,"column":72},"end":{"line":196,"column":null}}}},"branchMap":{"0":{"loc":{"start":{"line":60,"column":6},"end":{"line":62,"column":null}},"type":"if","locations":[{"start":{"line":60,"column":6},"end":{"line":62,"column":null}},{"start":{"line":60,"column":6},"end":{"line":62,"column":null}}]},"1":{"loc":{"start":{"line":80,"column":6},"end":{"line":82,"column":null}},"type":"if","locations":[{"start":{"line":80,"column":6},"end":{"line":82,"column":null}},{"start":{"line":80,"column":6},"end":{"line":82,"column":null}}]},"2":{"loc":{"start":{"line":99,"column":6},"end":{"line":101,"column":null}},"type":"if","locations":[{"start":{"line":99,"column":6},"end":{"line":101,"column":null}},{"start":{"line":99,"column":6},"end":{"line":101,"column":null}}]},"3":{"loc":{"start":{"line":103,"column":33},"end":{"line":103,"column":35}},"type":"cond-expr","locations":[{"start":{"line":103,"column":33},"end":{"line":103,"column":35}},{"start":{"line":103,"column":22},"end":{"line":103,"column":42}}]},"4":{"loc":{"start":{"line":103,"column":22},"end":{"line":103,"column":35}},"type":"binary-expr","locations":[{"start":{"line":103,"column":22},"end":{"line":103,"column":35}},{"start":{"line":103,"column":22},"end":{"line":103,"column":35}}]},"5":{"loc":{"start":{"line":117,"column":6},"end":{"line":119,"column":null}},"type":"if","locations":[{"start":{"line":117,"column":6},"end":{"line":119,"column":null}},{"start":{"line":117,"column":6},"end":{"line":119,"column":null}}]},"6":{"loc":{"start":{"line":141,"column":6},"end":{"line":143,"column":null}},"type":"if","locations":[{"start":{"line":141,"column":6},"end":{"line":143,"column":null}},{"start":{"line":141,"column":6},"end":{"line":143,"column":null}}]},"7":{"loc":{"start":{"line":163,"column":6},"end":{"line":165,"column":null}},"type":"if","locations":[{"start":{"line":163,"column":6},"end":{"line":165,"column":null}},{"start":{"line":163,"column":6},"end":{"line":165,"column":null}}]},"8":{"loc":{"start":{"line":181,"column":6},"end":{"line":183,"column":null}},"type":"if","locations":[{"start":{"line":181,"column":6},"end":{"line":183,"column":null}},{"start":{"line":181,"column":6},"end":{"line":183,"column":null}}]}},"s":{"0":2,"1":2,"2":2,"3":2,"4":2,"5":15,"6":2,"7":3,"8":3,"9":2,"10":2,"11":2,"12":1,"13":1,"14":2,"15":2,"16":3,"17":1,"18":1,"19":1,"20":1,"21":2,"22":2,"23":2,"24":2,"25":1,"26":1,"27":1,"28":1,"29":1,"30":2,"31":2,"32":2,"33":2,"34":1,"35":0,"36":1,"37":1,"38":1,"39":1,"40":1,"41":1,"42":2,"43":2,"44":2,"45":1,"46":1,"47":0,"48":1,"49":1,"50":1,"51":1,"52":1,"53":2,"54":2,"55":2,"56":2,"57":1,"58":0,"59":1,"60":1,"61":1,"62":1,"63":1,"64":2,"65":2,"66":2,"67":2,"68":1,"69":0,"70":1,"71":1,"72":1,"73":1,"74":1,"75":2,"76":2,"77":2,"78":2,"79":1,"80":0,"81":1,"82":1,"83":1,"84":1,"85":1,"86":2,"87":2,"88":2,"89":2,"90":1,"91":0,"92":1,"93":1,"94":1,"95":1,"96":1,"97":2,"98":2,"99":2,"100":2,"101":1,"102":0,"103":1,"104":1,"105":1,"106":1,"107":1,"108":2,"109":2},"f":{"0":2,"1":15,"2":3,"3":2,"4":2,"5":2,"6":2,"7":2,"8":2,"9":2,"10":2,"11":2},"b":{"0":[0,1],"1":[0,1],"2":[0,1],"3":[0,1],"4":[1,1],"5":[0,1],"6":[0,1],"7":[0,1],"8":[0,1]}}
,"C:\\Users\\nprasad\\swagger\\ts-node-app\\src\\api\\controllers\\index.ts": {"path":"C:\\Users\\nprasad\\swagger\\ts-node-app\\src\\api\\controllers\\index.ts","statementMap":{"0":{"start":{"line":1,"column":0},"end":{"line":1,"column":53}},"1":{"start":{"line":2,"column":0},"end":{"line":2,"column":53}},"2":{"start":{"line":4,"column":24},"end":{"line":4,"column":45}},"3":{"start":{"line":7,"column":9},"end":{"line":7,"column":24}},"4":{"start":{"line":5,"column":24},"end":{"line":5,"column":45}},"5":{"start":{"line":7,"column":26},"end":{"line":7,"column":41}}},"fnMap":{},"branchMap":{},"s":{"0":1,"1":1,"2":1,"3":1,"4":1,"5":1},"f":{},"b":{}}
,"C:\\Users\\nprasad\\swagger\\ts-node-app\\src\\api\\controllers\\users.controller.ts": {"path":"C:\\Users\\nprasad\\swagger\\ts-node-app\\src\\api\\controllers\\users.controller.ts","statementMap":{"0":{"start":{"line":2,"column":0},"end":{"line":2,"column":42}},"1":{"start":{"line":3,"column":0},"end":{"line":3,"column":71}},"2":{"start":{"line":5,"column":0},"end":{"line":5,"column":13}},"3":{"start":{"line":8,"column":4},"end":{"line":8,"column":53}},"4":{"start":{"line":10,"column":8},"end":{"line":20,"column":null}},"5":{"start":{"line":12,"column":6},"end":{"line":12,"column":49}},"6":{"start":{"line":13,"column":24},"end":{"line":13,"column":null}},"7":{"start":{"line":13,"column":12},"end":{"line":13,"column":null}},"8":{"start":{"line":14,"column":6},"end":{"line":14,"column":46}},"9":{"start":{"line":15,"column":6},"end":{"line":15,"column":45}},"10":{"start":{"line":17,"column":6},"end":{"line":17,"column":30}},"11":{"start":{"line":18,"column":6},"end":{"line":18,"column":22}},"12":{"start":{"line":21,"column":0},"end":{"line":21,"column":null}},"13":{"start":{"line":5,"column":13},"end":{"line":5,"column":28}}},"fnMap":{"0":{"name":"(anonymous_14)","decl":{"start":{"line":5,"column":0},"end":{"line":5,"column":13}},"loc":{"start":{"line":5,"column":0},"end":{"line":21,"column":null}}},"1":{"name":"UsersController","decl":{"start":{"line":7,"column":2},"end":{"line":7,"column":null}},"loc":{"start":{"line":7,"column":2},"end":{"line":9,"column":3}}},"2":{"name":"(anonymous_16)","decl":{"start":{"line":10,"column":2},"end":{"line":10,"column":8}},"loc":{"start":{"line":10,"column":70},"end":{"line":20,"column":null}}}},"branchMap":{},"s":{"0":2,"1":2,"2":2,"3":4,"4":2,"5":2,"6":2,"7":1,"8":1,"9":1,"10":1,"11":1,"12":2,"13":2},"f":{"0":2,"1":4,"2":2},"b":{}}
,"C:\\Users\\nprasad\\swagger\\ts-node-app\\src\\api\\middlewares\\auth.middleware.ts": {"path":"C:\\Users\\nprasad\\swagger\\ts-node-app\\src\\api\\middlewares\\auth.middleware.ts","statementMap":{"0":{"start":{"line":2,"column":0},"end":{"line":2,"column":41}},"1":{"start":{"line":3,"column":0},"end":{"line":3,"column":34}},"2":{"start":{"line":4,"column":0},"end":{"line":4,"column":42}},"3":{"start":{"line":5,"column":0},"end":{"line":5,"column":49}},"4":{"start":{"line":6,"column":24},"end":{"line":8,"column":2}},"5":{"start":{"line":10,"column":30},"end":{"line":30,"column":2}},"6":{"start":{"line":13,"column":20},"end":{"line":30,"column":2}},"7":{"start":{"line":16,"column":4},"end":{"line":16,"column":48}},"8":{"start":{"line":17,"column":12},"end":{"line":17,"column":30}},"9":{"start":{"line":18,"column":4},"end":{"line":19,"column":63}},"10":{"start":{"line":19,"column":6},"end":{"line":19,"column":63}},"11":{"start":{"line":21,"column":10},"end":{"line":21,"column":30}},"12":{"start":{"line":22,"column":4},"end":{"line":22,"column":74}},"13":{"start":{"line":22,"column":31},"end":{"line":22,"column":74}},"14":{"start":{"line":23,"column":4},"end":{"line":23,"column":53}},"15":{"start":{"line":24,"column":4},"end":{"line":24,"column":68}},"16":{"start":{"line":25,"column":4},"end":{"line":25,"column":11}},"17":{"start":{"line":27,"column":4},"end":{"line":27,"column":28}},"18":{"start":{"line":28,"column":4},"end":{"line":28,"column":36}},"19":{"start":{"line":10,"column":13},"end":{"line":10,"column":30}}},"fnMap":{"0":{"name":"(anonymous_14)","decl":{"start":{"line":10,"column":30},"end":{"line":10,"column":null}},"loc":{"start":{"line":13,"column":20},"end":{"line":30,"column":2}}},"1":{"name":"(anonymous_15)","decl":{"start":{"line":13,"column":20},"end":{"line":13,"column":null}},"loc":{"start":{"line":13,"column":20},"end":{"line":30,"column":2}}}},"branchMap":{"0":{"loc":{"start":{"line":18,"column":4},"end":{"line":19,"column":63}},"type":"if","locations":[{"start":{"line":18,"column":4},"end":{"line":19,"column":63}},{"start":{"line":18,"column":4},"end":{"line":19,"column":63}}]},"1":{"loc":{"start":{"line":22,"column":4},"end":{"line":22,"column":74}},"type":"if","locations":[{"start":{"line":22,"column":4},"end":{"line":22,"column":74}},{"start":{"line":22,"column":4},"end":{"line":22,"column":74}}]}},"s":{"0":1,"1":1,"2":1,"3":1,"4":1,"5":1,"6":12,"7":12,"8":12,"9":12,"10":1,"11":11,"12":11,"13":1,"14":10,"15":20,"16":10,"17":2,"18":2,"19":1},"f":{"0":12,"1":12},"b":{"0":[1,11],"1":[1,10]}}
,"C:\\Users\\nprasad\\swagger\\ts-node-app\\src\\api\\middlewares\\joi-validation.middleware.ts": {"path":"C:\\Users\\nprasad\\swagger\\ts-node-app\\src\\api\\middlewares\\joi-validation.middleware.ts","statementMap":{"0":{"start":{"line":3,"column":0},"end":{"line":3,"column":41}},"1":{"start":{"line":4,"column":0},"end":{"line":4,"column":42}},"2":{"start":{"line":7,"column":2},"end":{"line":8,"column":9}},"3":{"start":{"line":8,"column":2},"end":{"line":17,"column":4}},"4":{"start":{"line":8,"column":56},"end":{"line":17,"column":4}},"5":{"start":{"line":9,"column":12},"end":{"line":9,"column":22}},"6":{"start":{"line":10,"column":4},"end":{"line":16,"column":null}},"7":{"start":{"line":11,"column":12},"end":{"line":11,"column":72}},"8":{"start":{"line":11,"column":50},"end":{"line":11,"column":60}},"9":{"start":{"line":12,"column":6},"end":{"line":12,"column":31}},"10":{"start":{"line":13,"column":6},"end":{"line":13,"column":62}},"11":{"start":{"line":15,"column":6},"end":{"line":15,"column":13}},"12":{"start":{"line":6,"column":13},"end":{"line":6,"column":null}}},"fnMap":{"0":{"name":"(anonymous_14)","decl":{"start":{"line":7,"column":2},"end":{"line":7,"column":3}},"loc":{"start":{"line":7,"column":27},"end":{"line":8,"column":9}}},"1":{"name":"(anonymous_15)","decl":{"start":{"line":8,"column":2},"end":{"line":8,"column":9}},"loc":{"start":{"line":8,"column":56},"end":{"line":17,"column":4}}},"2":{"name":"(anonymous_16)","decl":{"start":{"line":8,"column":56},"end":{"line":8,"column":null}},"loc":{"start":{"line":8,"column":56},"end":{"line":17,"column":4}}},"3":{"name":"(anonymous_18)","decl":{"start":{"line":11,"column":43},"end":{"line":11,"column":44}},"loc":{"start":{"line":11,"column":45},"end":{"line":11,"column":51}}}},"branchMap":{"0":{"loc":{"start":{"line":10,"column":4},"end":{"line":16,"column":null}},"type":"if","locations":[{"start":{"line":10,"column":4},"end":{"line":16,"column":null}},{"start":{"line":10,"column":4},"end":{"line":16,"column":null}}]}},"s":{"0":1,"1":1,"2":1,"3":4,"4":4,"5":4,"6":4,"7":1,"8":1,"9":1,"10":1,"11":3,"12":1},"f":{"0":4,"1":4,"2":4,"3":1},"b":{"0":[1,3]}}
,"C:\\Users\\nprasad\\swagger\\ts-node-app\\src\\api\\routes\\books.routes.ts": {"path":"C:\\Users\\nprasad\\swagger\\ts-node-app\\src\\api\\routes\\books.routes.ts","statementMap":{"0":{"start":{"line":1,"column":0},"end":{"line":1,"column":33}},"1":{"start":{"line":2,"column":0},"end":{"line":2,"column":64}},"2":{"start":{"line":3,"column":0},"end":{"line":3,"column":73}},"3":{"start":{"line":4,"column":0},"end":{"line":4,"column":49}},"4":{"start":{"line":5,"column":0},"end":{"line":5,"column":75}},"5":{"start":{"line":7,"column":15},"end":{"line":7,"column":23}},"6":{"start":{"line":8,"column":0},"end":{"line":48,"column":2}},"7":{"start":{"line":9,"column":2},"end":{"line":9,"column":44}},"8":{"start":{"line":10,"column":2},"end":{"line":10,"column":66}},"9":{"start":{"line":11,"column":2},"end":{"line":11,"column":80}},"10":{"start":{"line":12,"column":2},"end":{"line":15,"column":4}},"11":{"start":{"line":16,"column":2},"end":{"line":19,"column":4}},"12":{"start":{"line":21,"column":2},"end":{"line":25,"column":4}},"13":{"start":{"line":26,"column":2},"end":{"line":30,"column":4}},"14":{"start":{"line":32,"column":2},"end":{"line":36,"column":4}},"15":{"start":{"line":37,"column":2},"end":{"line":41,"column":4}},"16":{"start":{"line":43,"column":2},"end":{"line":43,"column":57}},"17":{"start":{"line":44,"column":2},"end":{"line":47,"column":4}}},"fnMap":{"0":{"name":"(anonymous_0)","decl":{"start":{"line":8,"column":15},"end":{"line":8,"column":16}},"loc":{"start":{"line":8,"column":27},"end":{"line":48,"column":1}}}},"branchMap":{},"s":{"0":1,"1":1,"2":1,"3":1,"4":1,"5":1,"6":1,"7":1,"8":1,"9":1,"10":1,"11":1,"12":1,"13":1,"14":1,"15":1,"16":1,"17":1},"f":{"0":1},"b":{}}
,"C:\\Users\\nprasad\\swagger\\ts-node-app\\src\\api\\routes\\users.routes.ts": {"path":"C:\\Users\\nprasad\\swagger\\ts-node-app\\src\\api\\routes\\users.routes.ts","statementMap":{"0":{"start":{"line":1,"column":0},"end":{"line":1,"column":33}},"1":{"start":{"line":2,"column":0},"end":{"line":2,"column":49}},"2":{"start":{"line":4,"column":15},"end":{"line":4,"column":23}},"3":{"start":{"line":5,"column":0},"end":{"line":8,"column":2}},"4":{"start":{"line":6,"column":2},"end":{"line":6,"column":31}},"5":{"start":{"line":7,"column":2},"end":{"line":7,"column":77}}},"fnMap":{"0":{"name":"(anonymous_0)","decl":{"start":{"line":5,"column":15},"end":{"line":5,"column":16}},"loc":{"start":{"line":5,"column":27},"end":{"line":8,"column":1}}}},"branchMap":{},"s":{"0":1,"1":1,"2":1,"3":1,"4":1,"5":1},"f":{"0":1},"b":{}}
,"C:\\Users\\nprasad\\swagger\\ts-node-app\\src\\config\\index.ts": {"path":"C:\\Users\\nprasad\\swagger\\ts-node-app\\src\\config\\index.ts","statementMap":{"0":{"start":{"line":1,"column":0},"end":{"line":1,"column":28}},"1":{"start":{"line":3,"column":0},"end":{"line":3,"column":61}},"2":{"start":{"line":4,"column":21},"end":{"line":4,"column":36}},"3":{"start":{"line":6,"column":0},"end":{"line":8,"column":null}},"4":{"start":{"line":7,"column":2},"end":{"line":7,"column":45}},"5":{"start":{"line":11,"column":2},"end":{"line":11,"column":106}},"6":{"start":{"line":13,"column":0},"end":{"line":37,"column":2}}},"fnMap":{},"branchMap":{"0":{"loc":{"start":{"line":3,"column":23},"end":{"line":3,"column":43}},"type":"binary-expr","locations":[{"start":{"line":3,"column":23},"end":{"line":3,"column":43}},{"start":{"line":3,"column":47},"end":{"line":3,"column":60}}]},"1":{"loc":{"start":{"line":6,"column":0},"end":{"line":8,"column":null}},"type":"if","locations":[{"start":{"line":6,"column":0},"end":{"line":8,"column":null}},{"start":{"line":6,"column":0},"end":{"line":8,"column":null}}]},"2":{"loc":{"start":{"line":14,"column":8},"end":{"line":14,"column":24}},"type":"binary-expr","locations":[{"start":{"line":14,"column":8},"end":{"line":14,"column":24}},{"start":{"line":14,"column":28},"end":{"line":14,"column":32}}]},"3":{"loc":{"start":{"line":16,"column":15},"end":{"line":16,"column":38}},"type":"binary-expr","locations":[{"start":{"line":16,"column":15},"end":{"line":16,"column":38}},{"start":{"line":16,"column":42},"end":{"line":16,"column":59}}]},"4":{"loc":{"start":{"line":19,"column":11},"end":{"line":19,"column":32}},"type":"binary-expr","locations":[{"start":{"line":19,"column":11},"end":{"line":19,"column":32}},{"start":{"line":19,"column":36},"end":{"line":19,"column":43}}]},"5":{"loc":{"start":{"line":25,"column":12},"end":{"line":25,"column":35}},"type":"binary-expr","locations":[{"start":{"line":25,"column":12},"end":{"line":25,"column":35}},{"start":{"line":25,"column":39},"end":{"line":25,"column":70}}]},"6":{"loc":{"start":{"line":26,"column":14},"end":{"line":26,"column":35}},"type":"binary-expr","locations":[{"start":{"line":26,"column":14},"end":{"line":26,"column":35}},{"start":{"line":26,"column":39},"end":{"line":26,"column":61}}]},"7":{"loc":{"start":{"line":28,"column":6},"end":{"line":28,"column":31}},"type":"binary-expr","locations":[{"start":{"line":28,"column":6},"end":{"line":28,"column":31}},{"start":{"line":28,"column":35},"end":{"line":28,"column":77}}]},"8":{"loc":{"start":{"line":30,"column":6},"end":{"line":30,"column":24}},"type":"binary-expr","locations":[{"start":{"line":30,"column":6},"end":{"line":30,"column":24}},{"start":{"line":31,"column":6},"end":{"line":31,"column":65}}]},"9":{"loc":{"start":{"line":32,"column":11},"end":{"line":32,"column":28}},"type":"binary-expr","locations":[{"start":{"line":32,"column":11},"end":{"line":32,"column":28}},{"start":{"line":32,"column":32},"end":{"line":32,"column":43}}]},"10":{"loc":{"start":{"line":34,"column":6},"end":{"line":34,"column":32}},"type":"binary-expr","locations":[{"start":{"line":34,"column":6},"end":{"line":34,"column":32}},{"start":{"line":35,"column":6},"end":{"line":35,"column":50}}]}},"s":{"0":4,"1":4,"2":4,"3":4,"4":0,"5":4,"6":4},"f":{},"b":{"0":[4,0],"1":[0,4],"2":[4,0],"3":[4,4],"4":[4,4],"5":[4,4],"6":[4,4],"7":[4,4],"8":[4,4],"9":[4,4],"10":[4,4]}}
,"C:\\Users\\nprasad\\swagger\\ts-node-app\\src\\helpers\\validation_schema.ts": {"path":"C:\\Users\\nprasad\\swagger\\ts-node-app\\src\\helpers\\validation_schema.ts","statementMap":{"0":{"start":{"line":1,"column":0},"end":{"line":1,"column":22}},"1":{"start":{"line":3,"column":13},"end":{"line":15,"column":3}},"2":{"start":{"line":17,"column":13},"end":{"line":20,"column":3}},"3":{"start":{"line":22,"column":13},"end":{"line":27,"column":3}},"4":{"start":{"line":29,"column":13},"end":{"line":32,"column":3}}},"fnMap":{},"branchMap":{},"s":{"0":1,"1":1,"2":1,"3":1,"4":1},"f":{},"b":{}}
,"C:\\Users\\nprasad\\swagger\\ts-node-app\\src\\helpers\\tests\\db-handler.ts": {"path":"C:\\Users\\nprasad\\swagger\\ts-node-app\\src\\helpers\\tests\\db-handler.ts","statementMap":{"0":{"start":{"line":1,"column":0},"end":{"line":1,"column":26}},"1":{"start":{"line":2,"column":0},"end":{"line":2,"column":32}},"2":{"start":{"line":3,"column":0},"end":{"line":3,"column":58}},"3":{"start":{"line":4,"column":0},"end":{"line":4,"column":33}},"4":{"start":{"line":7,"column":0},"end":{"line":7,"column":13}},"5":{"start":{"line":8,"column":2},"end":{"line":8,"column":38}},"6":{"start":{"line":10,"column":8},"end":{"line":18,"column":null}},"7":{"start":{"line":11,"column":17},"end":{"line":11,"column":35}},"8":{"start":{"line":11,"column":10},"end":{"line":11,"column":null}},"9":{"start":{"line":12,"column":10},"end":{"line":15,"column":6}},"10":{"start":{"line":17,"column":4},"end":{"line":17,"column":46}},"11":{"start":{"line":20,"column":8},"end":{"line":24,"column":null}},"12":{"start":{"line":21,"column":4},"end":{"line":21,"column":45}},"13":{"start":{"line":22,"column":4},"end":{"line":22,"column":38}},"14":{"start":{"line":23,"column":5},"end":{"line":23,"column":23}},"15":{"start":{"line":23,"column":4},"end":{"line":23,"column":31}},"16":{"start":{"line":25,"column":8},"end":{"line":31,"column":null}},"17":{"start":{"line":26,"column":10},"end":{"line":26,"column":56}},"18":{"start":{"line":28,"column":12},"end":{"line":28,"column":42}},"19":{"start":{"line":29,"column":6},"end":{"line":29,"column":38}},"20":{"start":{"line":7,"column":13},"end":{"line":32,"column":null}},"21":{"start":{"line":32,"column":0},"end":{"line":32,"column":null}},"22":{"start":{"line":7,"column":13},"end":{"line":7,"column":26}}},"fnMap":{"0":{"name":"(anonymous_15)","decl":{"start":{"line":7,"column":0},"end":{"line":7,"column":13}},"loc":{"start":{"line":7,"column":0},"end":{"line":7,"column":13}}},"1":{"name":"(anonymous_17)","decl":{"start":{"line":10,"column":2},"end":{"line":10,"column":8}},"loc":{"start":{"line":10,"column":2},"end":{"line":18,"column":null}}},"2":{"name":"(anonymous_20)","decl":{"start":{"line":20,"column":2},"end":{"line":20,"column":8}},"loc":{"start":{"line":20,"column":2},"end":{"line":24,"column":null}}},"3":{"name":"(anonymous_23)","decl":{"start":{"line":25,"column":2},"end":{"line":25,"column":8}},"loc":{"start":{"line":25,"column":2},"end":{"line":31,"column":null}}}},"branchMap":{"0":{"loc":{"start":{"line":11,"column":17},"end":{"line":11,"column":35}},"type":"switch","locations":[{"start":{"line":11,"column":17},"end":{"line":11,"column":35}}]},"1":{"loc":{"start":{"line":21,"column":4},"end":{"line":21,"column":45}},"type":"switch","locations":[{"start":{"line":21,"column":4},"end":{"line":21,"column":45}}]}},"s":{"0":2,"1":2,"2":2,"3":2,"4":2,"5":2,"6":2,"7":2,"8":2,"9":2,"10":4,"11":2,"12":4,"13":4,"14":2,"15":2,"16":2,"17":4,"18":4,"19":8,"20":2,"21":2,"22":2},"f":{"0":4,"1":2,"2":2,"3":4},"b":{"0":[2],"1":[2]}}
,"C:\\Users\\nprasad\\swagger\\ts-node-app\\src\\helpers\\tests\\mock-data.ts": {"path":"C:\\Users\\nprasad\\swagger\\ts-node-app\\src\\helpers\\tests\\mock-data.ts","statementMap":{"0":{"start":{"line":2,"column":13},"end":{"line":12,"column":2}},"1":{"start":{"line":14,"column":13},"end":{"line":17,"column":2}},"2":{"start":{"line":19,"column":13},"end":{"line":25,"column":2}},"3":{"start":{"line":26,"column":13},"end":{"line":39,"column":2}}},"fnMap":{},"branchMap":{},"s":{"0":5,"1":5,"2":5,"3":5},"f":{},"b":{}}
,"C:\\Users\\nprasad\\swagger\\ts-node-app\\src\\helpers\\tests\\mocking-funtions.ts": {"path":"C:\\Users\\nprasad\\swagger\\ts-node-app\\src\\helpers\\tests\\mocking-funtions.ts","statementMap":{"0":{"start":{"line":2,"column":0},"end":{"line":2,"column":61}},"1":{"start":{"line":3,"column":0},"end":{"line":3,"column":46}},"2":{"start":{"line":5,"column":29},"end":{"line":9,"column":1}},"3":{"start":{"line":6,"column":2},"end":{"line":8,"column":58}},"4":{"start":{"line":8,"column":34},"end":{"line":8,"column":57}},"5":{"start":{"line":5,"column":13},"end":{"line":5,"column":29}},"6":{"start":{"line":11,"column":37},"end":{"line":19,"column":1}},"7":{"start":{"line":16,"column":2},"end":{"line":18,"column":5}},"8":{"start":{"line":17,"column":4},"end":{"line":17,"column":30}},"9":{"start":{"line":11,"column":13},"end":{"line":11,"column":37}},"10":{"start":{"line":21,"column":27},"end":{"line":33,"column":1}},"11":{"start":{"line":26,"column":2},"end":{"line":32,"column":null}},"12":{"start":{"line":27,"column":4},"end":{"line":31,"column":null}},"13":{"start":{"line":28,"column":6},"end":{"line":28,"column":53}},"14":{"start":{"line":30,"column":6},"end":{"line":30,"column":61}},"15":{"start":{"line":21,"column":13},"end":{"line":21,"column":27}},"16":{"start":{"line":35,"column":28},"end":{"line":40,"column":1}},"17":{"start":{"line":36,"column":19},"end":{"line":36,"column":21}},"18":{"start":{"line":37,"column":2},"end":{"line":37,"column":46}},"19":{"start":{"line":38,"column":2},"end":{"line":38,"column":44}},"20":{"start":{"line":39,"column":2},"end":{"line":39,"column":13}},"21":{"start":{"line":35,"column":13},"end":{"line":35,"column":28}},"22":{"start":{"line":41,"column":13},"end":{"line":41,"column":48}},"23":{"start":{"line":43,"column":13},"end":{"line":46,"column":3}},"24":{"start":{"line":48,"column":0},"end":{"line":50,"column":2}},"25":{"start":{"line":49,"column":2},"end":{"line":49,"column":49}},"26":{"start":{"line":52,"column":0},"end":{"line":54,"column":2}},"27":{"start":{"line":53,"column":2},"end":{"line":53,"column":75}},"28":{"start":{"line":55,"column":0},"end":{"line":62,"column":2}},"29":{"start":{"line":56,"column":2},"end":{"line":61,"column":5}},"30":{"start":{"line":64,"column":13},"end":{"line":72,"column":3}},"31":{"start":{"line":73,"column":0},"end":{"line":75,"column":2}},"32":{"start":{"line":74,"column":2},"end":{"line":74,"column":59}}},"fnMap":{"0":{"name":"(anonymous_2)","decl":{"start":{"line":5,"column":29},"end":{"line":5,"column":30}},"loc":{"start":{"line":5,"column":71},"end":{"line":9,"column":1}}},"1":{"name":"(anonymous_3)","decl":{"start":{"line":8,"column":28},"end":{"line":8,"column":34}},"loc":{"start":{"line":8,"column":28},"end":{"line":8,"column":41}}},"2":{"name":"(anonymous_4)","decl":{"start":{"line":11,"column":37},"end":{"line":11,"column":null}},"loc":{"start":{"line":14,"column":12},"end":{"line":19,"column":1}}},"3":{"name":"(anonymous_5)","decl":{"start":{"line":16,"column":54},"end":{"line":16,"column":null}},"loc":{"start":{"line":16,"column":54},"end":{"line":18,"column":3}}},"4":{"name":"(anonymous_6)","decl":{"start":{"line":21,"column":27},"end":{"line":21,"column":null}},"loc":{"start":{"line":24,"column":22},"end":{"line":33,"column":1}}},"5":{"name":"(anonymous_7)","decl":{"start":{"line":35,"column":28},"end":{"line":35,"column":null}},"loc":{"start":{"line":35,"column":28},"end":{"line":40,"column":1}}},"6":{"name":"(anonymous_8)","decl":{"start":{"line":48,"column":24},"end":{"line":48,"column":25}},"loc":{"start":{"line":48,"column":34},"end":{"line":50,"column":1}}},"7":{"name":"(anonymous_9)","decl":{"start":{"line":52,"column":24},"end":{"line":52,"column":25}},"loc":{"start":{"line":52,"column":34},"end":{"line":54,"column":1}}},"8":{"name":"(anonymous_10)","decl":{"start":{"line":55,"column":27},"end":{"line":55,"column":28}},"loc":{"start":{"line":55,"column":37},"end":{"line":62,"column":1}}},"9":{"name":"(anonymous_11)","decl":{"start":{"line":68,"column":15},"end":{"line":68,"column":16}},"loc":{"start":{"line":68,"column":19},"end":{"line":68,"column":26}}},"10":{"name":"(anonymous_12)","decl":{"start":{"line":69,"column":15},"end":{"line":69,"column":16}},"loc":{"start":{"line":69,"column":24},"end":{"line":69,"column":31}}},"11":{"name":"(anonymous_13)","decl":{"start":{"line":73,"column":24},"end":{"line":73,"column":25}},"loc":{"start":{"line":73,"column":34},"end":{"line":75,"column":1}}}},"branchMap":{"0":{"loc":{"start":{"line":27,"column":4},"end":{"line":31,"column":null}},"type":"if","locations":[{"start":{"line":27,"column":4},"end":{"line":31,"column":null}},{"start":{"line":27,"column":4},"end":{"line":31,"column":null}}]},"1":{"loc":{"start":{"line":27,"column":8},"end":{"line":27,"column":20}},"type":"binary-expr","locations":[{"start":{"line":27,"column":8},"end":{"line":27,"column":20}},{"start":{"line":27,"column":24},"end":{"line":27,"column":27}}]}},"s":{"0":2,"1":2,"2":2,"3":11,"4":11,"5":2,"6":2,"7":1,"8":1,"9":2,"10":2,"11":3,"12":12,"13":11,"14":1,"15":2,"16":2,"17":14,"18":14,"19":14,"20":14,"21":2,"22":2,"23":2,"24":2,"25":0,"26":2,"27":0,"28":2,"29":0,"30":2,"31":2,"32":0},"f":{"0":11,"1":11,"2":1,"3":1,"4":3,"5":14,"6":0,"7":0,"8":0,"9":0,"10":0,"11":0},"b":{"0":[11,1],"1":[12,11]}}
,"C:\\Users\\nprasad\\swagger\\ts-node-app\\src\\loaders\\express.ts": {"path":"C:\\Users\\nprasad\\swagger\\ts-node-app\\src\\loaders\\express.ts","statementMap":{"0":{"start":{"line":1,"column":0},"end":{"line":1,"column":null}},"1":{"start":{"line":7,"column":0},"end":{"line":7,"column":24}},"2":{"start":{"line":8,"column":0},"end":{"line":8,"column":28}},"3":{"start":{"line":9,"column":0},"end":{"line":9,"column":31}},"4":{"start":{"line":10,"column":0},"end":{"line":10,"column":39}},"5":{"start":{"line":11,"column":0},"end":{"line":11,"column":29}},"6":{"start":{"line":12,"column":0},"end":{"line":12,"column":45}},"7":{"start":{"line":13,"column":18},"end":{"line":13,"column":51}},"8":{"start":{"line":15,"column":0},"end":{"line":42,"column":2}},"9":{"start":{"line":15,"column":21},"end":{"line":15,"column":53}},"10":{"start":{"line":16,"column":2},"end":{"line":16,"column":18}},"11":{"start":{"line":18,"column":2},"end":{"line":18,"column":28}},"12":{"start":{"line":21,"column":2},"end":{"line":26,"column":5}},"13":{"start":{"line":22,"column":4},"end":{"line":25,"column":7}},"14":{"start":{"line":23,"column":6},"end":{"line":23,"column":48}},"15":{"start":{"line":24,"column":6},"end":{"line":24,"column":13}},"16":{"start":{"line":29,"column":2},"end":{"line":29,"column":39}},"17":{"start":{"line":31,"column":2},"end":{"line":33,"column":5}},"18":{"start":{"line":31,"column":31},"end":{"line":33,"column":4}},"19":{"start":{"line":32,"column":4},"end":{"line":32,"column":25}},"20":{"start":{"line":35,"column":2},"end":{"line":41,"column":29}},"21":{"start":{"line":36,"column":4},"end":{"line":36,"column":34}},"22":{"start":{"line":37,"column":4},"end":{"line":40,"column":7}}},"fnMap":{"0":{"name":"(anonymous_14)","decl":{"start":{"line":15,"column":15},"end":{"line":15,"column":16}},"loc":{"start":{"line":15,"column":53},"end":{"line":42,"column":1}}},"1":{"name":"(anonymous_15)","decl":{"start":{"line":21,"column":10},"end":{"line":21,"column":11}},"loc":{"start":{"line":21,"column":58},"end":{"line":26,"column":3}}},"2":{"name":"(anonymous_16)","decl":{"start":{"line":22,"column":18},"end":{"line":22,"column":null}},"loc":{"start":{"line":22,"column":18},"end":{"line":25,"column":5}}},"3":{"name":"(anonymous_17)","decl":{"start":{"line":31,"column":10},"end":{"line":31,"column":17}},"loc":{"start":{"line":31,"column":31},"end":{"line":33,"column":4}}},"4":{"name":"(anonymous_18)","decl":{"start":{"line":31,"column":31},"end":{"line":31,"column":null}},"loc":{"start":{"line":31,"column":31},"end":{"line":33,"column":4}}},"5":{"name":"(anonymous_20)","decl":{"start":{"line":35,"column":11},"end":{"line":35,"column":12}},"loc":{"start":{"line":35,"column":31},"end":{"line":41,"column":3}}}},"branchMap":{"0":{"loc":{"start":{"line":36,"column":15},"end":{"line":36,"column":25}},"type":"binary-expr","locations":[{"start":{"line":36,"column":15},"end":{"line":36,"column":25}},{"start":{"line":36,"column":29},"end":{"line":36,"column":32}}]},"1":{"loc":{"start":{"line":38,"column":18},"end":{"line":38,"column":28}},"type":"binary-expr","locations":[{"start":{"line":38,"column":18},"end":{"line":38,"column":28}},{"start":{"line":38,"column":32},"end":{"line":38,"column":35}}]}},"s":{"0":1,"1":1,"2":1,"3":1,"4":1,"5":1,"6":1,"7":1,"8":1,"9":1,"10":1,"11":1,"12":1,"13":13,"14":13,"15":13,"16":1,"17":1,"18":1,"19":1,"20":1,"21":12,"22":12},"f":{"0":1,"1":13,"2":13,"3":1,"4":1,"5":12},"b":{"0":[12,0],"1":[12,0]}}
,"C:\\Users\\nprasad\\swagger\\ts-node-app\\src\\loaders\\index.ts": {"path":"C:\\Users\\nprasad\\swagger\\ts-node-app\\src\\loaders\\index.ts","statementMap":{"0":{"start":{"line":2,"column":0},"end":{"line":2,"column":40}},"1":{"start":{"line":3,"column":0},"end":{"line":3,"column":38}},"2":{"start":{"line":4,"column":0},"end":{"line":4,"column":30}},"3":{"start":{"line":6,"column":0},"end":{"line":10,"column":2}},"4":{"start":{"line":6,"column":34},"end":{"line":6,"column":65}},"5":{"start":{"line":7,"column":2},"end":{"line":7,"column":25}},"6":{"start":{"line":8,"column":2},"end":{"line":8,"column":43}},"7":{"start":{"line":9,"column":2},"end":{"line":9,"column":32}}},"fnMap":{"0":{"name":"(anonymous_14)","decl":{"start":{"line":6,"column":15},"end":{"line":6,"column":22}},"loc":{"start":{"line":6,"column":65},"end":{"line":10,"column":2}}}},"branchMap":{"0":{"loc":{"start":{"line":7,"column":2},"end":{"line":7,"column":25}},"type":"switch","locations":[{"start":{"line":7,"column":2},"end":{"line":7,"column":25}}]}},"s":{"0":1,"1":1,"2":1,"3":1,"4":1,"5":2,"6":2,"7":1},"f":{"0":1},"b":{"0":[1]}}
,"C:\\Users\\nprasad\\swagger\\ts-node-app\\src\\loaders\\logger.ts": {"path":"C:\\Users\\nprasad\\swagger\\ts-node-app\\src\\loaders\\logger.ts","statementMap":{"0":{"start":{"line":1,"column":0},"end":{"line":1,"column":30}},"1":{"start":{"line":2,"column":0},"end":{"line":2,"column":31}},"2":{"start":{"line":3,"column":0},"end":{"line":3,"column":45}},"3":{"start":{"line":4,"column":21},"end":{"line":4,"column":37}},"4":{"start":{"line":6,"column":19},"end":{"line":6,"column":21}},"5":{"start":{"line":7,"column":0},"end":{"line":18,"column":null}},"6":{"start":{"line":8,"column":2},"end":{"line":15,"column":4}},"7":{"start":{"line":17,"column":2},"end":{"line":17,"column":52}},"8":{"start":{"line":21,"column":22},"end":{"line":28,"column":2}},"9":{"start":{"line":22,"column":20},"end":{"line":22,"column":46}},"10":{"start":{"line":23,"column":2},"end":{"line":26,"column":21}},"11":{"start":{"line":27,"column":2},"end":{"line":27,"column":14}},"12":{"start":{"line":30,"column":23},"end":{"line":43,"column":2}},"13":{"start":{"line":45,"column":0},"end":{"line":45,"column":30}}},"fnMap":{"0":{"name":"(anonymous_1)","decl":{"start":{"line":21,"column":37},"end":{"line":21,"column":38}},"loc":{"start":{"line":21,"column":48},"end":{"line":28,"column":1}}}},"branchMap":{"0":{"loc":{"start":{"line":7,"column":0},"end":{"line":18,"column":null}},"type":"if","locations":[{"start":{"line":7,"column":0},"end":{"line":18,"column":null}},{"start":{"line":7,"column":0},"end":{"line":18,"column":null}}]},"1":{"loc":{"start":{"line":25,"column":8},"end":{"line":25,"column":74}},"type":"cond-expr","locations":[{"start":{"line":25,"column":8},"end":{"line":25,"column":74}},{"start":{"line":26,"column":8},"end":{"line":26,"column":20}}]},"2":{"loc":{"start":{"line":24,"column":4},"end":{"line":24,"column":13}},"type":"binary-expr","locations":[{"start":{"line":24,"column":4},"end":{"line":24,"column":13}},{"start":{"line":24,"column":17},"end":{"line":24,"column":47}}]}},"s":{"0":3,"1":3,"2":3,"3":3,"4":3,"5":3,"6":0,"7":3,"8":3,"9":75,"10":75,"11":75,"12":3,"13":3},"f":{"0":75},"b":{"0":[0,3],"1":[43,32],"2":[75,47]}}
,"C:\\Users\\nprasad\\swagger\\ts-node-app\\src\\loaders\\mongoose.ts": {"path":"C:\\Users\\nprasad\\swagger\\ts-node-app\\src\\loaders\\mongoose.ts","statementMap":{"0":{"start":{"line":1,"column":0},"end":{"line":1,"column":32}},"1":{"start":{"line":2,"column":0},"end":{"line":2,"column":31}},"2":{"start":{"line":3,"column":0},"end":{"line":3,"column":30}},"3":{"start":{"line":5,"column":0},"end":{"line":16,"column":2}},"4":{"start":{"line":5,"column":15},"end":{"line":16,"column":2}},"5":{"start":{"line":6,"column":2},"end":{"line":6,"column":46}},"6":{"start":{"line":7,"column":2},"end":{"line":15,"column":4}},"7":{"start":{"line":14,"column":10},"end":{"line":14,"column":null}}},"fnMap":{"0":{"name":"(anonymous_14)","decl":{"start":{"line":5,"column":15},"end":{"line":5,"column":null}},"loc":{"start":{"line":5,"column":15},"end":{"line":16,"column":2}}},"1":{"name":"(anonymous_17)","decl":{"start":{"line":14,"column":4},"end":{"line":14,"column":10}},"loc":{"start":{"line":14,"column":4},"end":{"line":14,"column":16}}}},"branchMap":{},"s":{"0":1,"1":1,"2":1,"3":1,"4":1,"5":1,"6":2,"7":1},"f":{"0":2,"1":1},"b":{}}
,"C:\\Users\\nprasad\\swagger\\ts-node-app\\src\\models\\books.model.ts": {"path":"C:\\Users\\nprasad\\swagger\\ts-node-app\\src\\models\\books.model.ts","statementMap":{"0":{"start":{"line":1,"column":0},"end":{"line":1,"column":32}},"1":{"start":{"line":3,"column":19},"end":{"line":36,"column":2}},"2":{"start":{"line":38,"column":0},"end":{"line":38,"column":50}}},"fnMap":{},"branchMap":{},"s":{"0":4,"1":4,"2":4},"f":{},"b":{}}
,"C:\\Users\\nprasad\\swagger\\ts-node-app\\src\\models\\review.model.ts": {"path":"C:\\Users\\nprasad\\swagger\\ts-node-app\\src\\models\\review.model.ts","statementMap":{"0":{"start":{"line":1,"column":0},"end":{"line":1,"column":32}},"1":{"start":{"line":3,"column":21},"end":{"line":12,"column":2}},"2":{"start":{"line":14,"column":0},"end":{"line":14,"column":54}}},"fnMap":{},"branchMap":{},"s":{"0":4,"1":4,"2":4},"f":{},"b":{}}
,"C:\\Users\\nprasad\\swagger\\ts-node-app\\src\\services\\books.service.ts": {"path":"C:\\Users\\nprasad\\swagger\\ts-node-app\\src\\services\\books.service.ts","statementMap":{"0":{"start":{"line":1,"column":0},"end":{"line":1,"column":33}},"1":{"start":{"line":3,"column":0},"end":{"line":3,"column":41}},"2":{"start":{"line":4,"column":0},"end":{"line":4,"column":44}},"3":{"start":{"line":7,"column":0},"end":{"line":7,"column":13}},"4":{"start":{"line":8,"column":2},"end":{"line":14,"column":null}},"5":{"start":{"line":9,"column":4},"end":{"line":13,"column":null}},"6":{"start":{"line":10,"column":6},"end":{"line":10,"column":47}},"7":{"start":{"line":12,"column":6},"end":{"line":12,"column":33}},"8":{"start":{"line":15,"column":8},"end":{"line":22,"column":null}},"9":{"start":{"line":16,"column":4},"end":{"line":21,"column":null}},"10":{"start":{"line":17,"column":12},"end":{"line":17,"column":38}},"11":{"start":{"line":18,"column":6},"end":{"line":18,"column":25}},"12":{"start":{"line":20,"column":6},"end":{"line":20,"column":33}},"13":{"start":{"line":23,"column":8},"end":{"line":29,"column":null}},"14":{"start":{"line":24,"column":4},"end":{"line":28,"column":null}},"15":{"start":{"line":25,"column":6},"end":{"line":25,"column":35}},"16":{"start":{"line":27,"column":6},"end":{"line":27,"column":33}},"17":{"start":{"line":30,"column":8},"end":{"line":38,"column":null}},"18":{"start":{"line":31,"column":4},"end":{"line":37,"column":null}},"19":{"start":{"line":32,"column":6},"end":{"line":34,"column":9}},"20":{"start":{"line":36,"column":6},"end":{"line":36,"column":33}},"21":{"start":{"line":39,"column":8},"end":{"line":45,"column":null}},"22":{"start":{"line":40,"column":4},"end":{"line":44,"column":null}},"23":{"start":{"line":41,"column":6},"end":{"line":41,"column":44}},"24":{"start":{"line":43,"column":6},"end":{"line":43,"column":33}},"25":{"start":{"line":47,"column":8},"end":{"line":53,"column":null}},"26":{"start":{"line":48,"column":4},"end":{"line":52,"column":null}},"27":{"start":{"line":49,"column":6},"end":{"line":49,"column":66}},"28":{"start":{"line":51,"column":6},"end":{"line":51,"column":33}},"29":{"start":{"line":54,"column":8},"end":{"line":64,"column":null}},"30":{"start":{"line":56,"column":19},"end":{"line":56,"column":null}},"31":{"start":{"line":56,"column":12},"end":{"line":56,"column":null}},"32":{"start":{"line":57,"column":12},"end":{"line":57,"column":44}},"33":{"start":{"line":58,"column":6},"end":{"line":58,"column":26}},"34":{"start":{"line":59,"column":6},"end":{"line":59,"column":33}},"35":{"start":{"line":60,"column":6},"end":{"line":60,"column":26}},"36":{"start":{"line":62,"column":6},"end":{"line":62,"column":33}},"37":{"start":{"line":65,"column":8},"end":{"line":71,"column":null}},"38":{"start":{"line":66,"column":4},"end":{"line":70,"column":null}},"39":{"start":{"line":67,"column":6},"end":{"line":67,"column":39}},"40":{"start":{"line":69,"column":6},"end":{"line":69,"column":33}},"41":{"start":{"line":72,"column":8},"end":{"line":84,"column":null}},"42":{"start":{"line":77,"column":4},"end":{"line":83,"column":null}},"43":{"start":{"line":78,"column":6},"end":{"line":80,"column":9}},"44":{"start":{"line":82,"column":6},"end":{"line":82,"column":33}},"45":{"start":{"line":85,"column":8},"end":{"line":91,"column":null}},"46":{"start":{"line":86,"column":4},"end":{"line":90,"column":null}},"47":{"start":{"line":87,"column":6},"end":{"line":87,"column":48}},"48":{"start":{"line":89,"column":6},"end":{"line":89,"column":33}},"49":{"start":{"line":7,"column":13},"end":{"line":92,"column":null}},"50":{"start":{"line":92,"column":0},"end":{"line":92,"column":null}},"51":{"start":{"line":7,"column":13},"end":{"line":7,"column":25}}},"fnMap":{"0":{"name":"(anonymous_17)","decl":{"start":{"line":7,"column":0},"end":{"line":7,"column":13}},"loc":{"start":{"line":7,"column":0},"end":{"line":7,"column":13}}},"1":{"name":"(anonymous_19)","decl":{"start":{"line":8,"column":2},"end":{"line":8,"column":10}},"loc":{"start":{"line":8,"column":2},"end":{"line":14,"column":3}}},"2":{"name":"(anonymous_20)","decl":{"start":{"line":15,"column":2},"end":{"line":15,"column":8}},"loc":{"start":{"line":15,"column":34},"end":{"line":22,"column":null}}},"3":{"name":"(anonymous_23)","decl":{"start":{"line":23,"column":2},"end":{"line":23,"column":8}},"loc":{"start":{"line":23,"column":37},"end":{"line":29,"column":null}}},"4":{"name":"(anonymous_26)","decl":{"start":{"line":30,"column":2},"end":{"line":30,"column":8}},"loc":{"start":{"line":30,"column":50},"end":{"line":38,"column":null}}},"5":{"name":"(anonymous_29)","decl":{"start":{"line":39,"column":2},"end":{"line":39,"column":8}},"loc":{"start":{"line":39,"column":33},"end":{"line":45,"column":null}}},"6":{"name":"(anonymous_32)","decl":{"start":{"line":47,"column":2},"end":{"line":47,"column":8}},"loc":{"start":{"line":47,"column":37},"end":{"line":53,"column":null}}},"7":{"name":"(anonymous_35)","decl":{"start":{"line":54,"column":2},"end":{"line":54,"column":8}},"loc":{"start":{"line":54,"column":60},"end":{"line":64,"column":null}}},"8":{"name":"(anonymous_38)","decl":{"start":{"line":65,"column":2},"end":{"line":65,"column":8}},"loc":{"start":{"line":65,"column":38},"end":{"line":71,"column":null}}},"9":{"name":"(anonymous_41)","decl":{"start":{"line":72,"column":2},"end":{"line":72,"column":8}},"loc":{"start":{"line":75,"column":23},"end":{"line":84,"column":null}}},"10":{"name":"(anonymous_44)","decl":{"start":{"line":85,"column":2},"end":{"line":85,"column":8}},"loc":{"start":{"line":85,"column":57},"end":{"line":91,"column":null}}}},"branchMap":{"0":{"loc":{"start":{"line":59,"column":10},"end":{"line":59,"column":12}},"type":"cond-expr","locations":[{"start":{"line":59,"column":10},"end":{"line":59,"column":12}},{"start":{"line":59,"column":6},"end":{"line":59,"column":32}}]},"1":{"loc":{"start":{"line":59,"column":6},"end":{"line":59,"column":12}},"type":"binary-expr","locations":[{"start":{"line":59,"column":6},"end":{"line":59,"column":12}},{"start":{"line":59,"column":6},"end":{"line":59,"column":12}}]},"2":{"loc":{"start":{"line":60,"column":17},"end":{"line":60,"column":19}},"type":"cond-expr","locations":[{"start":{"line":60,"column":17},"end":{"line":60,"column":19}},{"start":{"line":60,"column":13},"end":{"line":60,"column":25}}]},"3":{"loc":{"start":{"line":60,"column":13},"end":{"line":60,"column":19}},"type":"binary-expr","locations":[{"start":{"line":60,"column":13},"end":{"line":60,"column":19}},{"start":{"line":60,"column":13},"end":{"line":60,"column":19}}]}},"s":{"0":3,"1":3,"2":3,"3":3,"4":3,"5":3,"6":3,"7":1,"8":3,"9":2,"10":2,"11":2,"12":1,"13":3,"14":3,"15":3,"16":1,"17":3,"18":3,"19":3,"20":1,"21":3,"22":2,"23":2,"24":1,"25":3,"26":3,"27":3,"28":1,"29":3,"30":3,"31":3,"32":1,"33":2,"34":1,"35":1,"36":2,"37":3,"38":3,"39":3,"40":1,"41":3,"42":3,"43":3,"44":1,"45":3,"46":3,"47":3,"48":1,"49":3,"50":3,"51":3},"f":{"0":28,"1":3,"2":2,"3":3,"4":3,"5":2,"6":3,"7":3,"8":3,"9":3,"10":3},"b":{"0":[0,1],"1":[1,1],"2":[0,1],"3":[1,1]}}
,"C:\\Users\\nprasad\\swagger\\ts-node-app\\src\\services\\okta-client.service.ts": {"path":"C:\\Users\\nprasad\\swagger\\ts-node-app\\src\\services\\okta-client.service.ts","statementMap":{"0":{"start":{"line":1,"column":0},"end":{"line":1,"column":31}},"1":{"start":{"line":2,"column":0},"end":{"line":2,"column":33}},"2":{"start":{"line":3,"column":0},"end":{"line":3,"column":38}},"3":{"start":{"line":5,"column":0},"end":{"line":5,"column":24}},"4":{"start":{"line":8,"column":0},"end":{"line":8,"column":13}},"5":{"start":{"line":9,"column":8},"end":{"line":25,"column":null}},"6":{"start":{"line":10,"column":10},"end":{"line":12,"column":6}},"7":{"start":{"line":13,"column":11},"end":{"line":24,"column":7}},"8":{"start":{"line":13,"column":4},"end":{"line":24,"column":7}},"9":{"start":{"line":8,"column":13},"end":{"line":26,"column":null}},"10":{"start":{"line":26,"column":0},"end":{"line":26,"column":null}},"11":{"start":{"line":8,"column":13},"end":{"line":8,"column":30}}},"fnMap":{"0":{"name":"(anonymous_15)","decl":{"start":{"line":8,"column":0},"end":{"line":8,"column":13}},"loc":{"start":{"line":8,"column":0},"end":{"line":8,"column":13}}},"1":{"name":"(anonymous_17)","decl":{"start":{"line":9,"column":2},"end":{"line":9,"column":8}},"loc":{"start":{"line":9,"column":2},"end":{"line":25,"column":null}}}},"branchMap":{"0":{"loc":{"start":{"line":13,"column":4},"end":{"line":24,"column":7}},"type":"switch","locations":[{"start":{"line":13,"column":4},"end":{"line":24,"column":7}}]}},"s":{"0":3,"1":3,"2":3,"3":3,"4":3,"5":3,"6":2,"7":2,"8":2,"9":3,"10":3,"11":3},"f":{"0":12,"1":2},"b":{"0":[2]}}
}
