TN:
SF:src\app.ts
FN:10,startServer
FN:13,(anonymous_17)
FNF:2
FNH:2
FNDA:1,startServer
FNDA:1,(anonymous_17)
DA:1,1
DA:3,1
DA:5,1
DA:6,1
DA:8,1
DA:11,2
DA:13,1
DA:14,1
DA:18,1
DA:19,1
LF:10
LH:10
BRDA:11,0,0,1
BRF:1
BRH:1
end_of_record
TN:
SF:src\api\index.ts
FN:5,(anonymous_1)
FNF:1
FNH:1
FNDA:1,(anonymous_1)
DA:1,1
DA:2,1
DA:3,1
DA:5,1
DA:6,1
DA:7,1
DA:8,1
DA:9,1
LF:8
LH:8
BRF:0
BRH:0
end_of_record
TN:
SF:src\api\controllers\books.controller.ts
FN:7,(anonymous_14)
FN:9,BooksController
FN:12,(anonymous_16)
FN:23,(anonymous_19)
FN:39,(anonymous_22)
FN:53,(anonymous_25)
FN:74,(anonymous_28)
FN:93,(anonymous_31)
FN:110,(anonymous_34)
FN:133,(anonymous_37)
FN:157,(anonymous_40)
FN:174,(anonymous_43)
FNF:12
FNH:12
FNDA:2,(anonymous_14)
FNDA:15,BooksController
FNDA:3,(anonymous_16)
FNDA:2,(anonymous_19)
FNDA:2,(anonymous_22)
FNDA:2,(anonymous_25)
FNDA:2,(anonymous_28)
FNDA:2,(anonymous_31)
FNDA:2,(anonymous_34)
FNDA:2,(anonymous_37)
FNDA:2,(anonymous_40)
FNDA:2,(anonymous_43)
DA:2,2
DA:3,2
DA:4,2
DA:5,2
DA:7,2
DA:10,15
DA:12,2
DA:14,3
DA:15,3
DA:16,2
DA:17,2
DA:19,1
DA:20,1
DA:23,2
DA:25,2
DA:26,3
DA:27,1
DA:28,1
DA:35,1
DA:36,1
DA:39,2
DA:41,2
DA:42,2
DA:45,1
DA:46,1
DA:48,1
DA:49,1
DA:50,1
DA:53,2
DA:55,2
DA:56,2
DA:60,1
DA:61,0
DA:63,1
DA:64,1
DA:68,1
DA:69,1
DA:70,1
DA:71,1
DA:74,2
DA:76,2
DA:77,2
DA:80,1
DA:81,0
DA:83,1
DA:84,1
DA:88,1
DA:89,1
DA:90,1
DA:93,2
DA:95,2
DA:96,2
DA:99,1
DA:100,0
DA:102,1
DA:103,1
DA:105,1
DA:106,1
DA:107,1
DA:110,2
DA:112,2
DA:113,2
DA:117,1
DA:118,0
DA:120,1
DA:121,1
DA:128,1
DA:129,1
DA:130,1
DA:133,2
DA:135,2
DA:136,2
DA:141,1
DA:142,0
DA:144,1
DA:145,1
DA:152,1
DA:153,1
DA:154,1
DA:157,2
DA:159,2
DA:160,2
DA:163,1
DA:164,0
DA:166,1
DA:167,1
DA:169,1
DA:170,1
DA:171,1
DA:174,2
DA:175,2
DA:177,2
DA:181,1
DA:182,0
DA:184,1
DA:185,1
DA:192,1
DA:193,1
DA:194,1
DA:197,2
LF:100
LH:93
BRDA:60,0,0,0
BRDA:60,0,1,1
BRDA:80,1,0,0
BRDA:80,1,1,1
BRDA:99,2,0,0
BRDA:99,2,1,1
BRDA:103,3,0,0
BRDA:103,3,1,1
BRDA:103,4,0,1
BRDA:103,4,1,1
BRDA:117,5,0,0
BRDA:117,5,1,1
BRDA:141,6,0,0
BRDA:141,6,1,1
BRDA:163,7,0,0
BRDA:163,7,1,1
BRDA:181,8,0,0
BRDA:181,8,1,1
BRF:18
BRH:10
end_of_record
TN:
SF:src\api\controllers\index.ts
FNF:0
FNH:0
DA:1,1
DA:2,1
DA:4,1
DA:5,1
DA:7,1
LF:5
LH:5
BRF:0
BRH:0
end_of_record
TN:
SF:src\api\controllers\users.controller.ts
FN:5,(anonymous_14)
FN:7,UsersController
FN:10,(anonymous_16)
FNF:3
FNH:3
FNDA:2,(anonymous_14)
FNDA:4,UsersController
FNDA:2,(anonymous_16)
DA:2,2
DA:3,2
DA:5,2
DA:8,4
DA:10,2
DA:12,2
DA:13,2
DA:14,1
DA:15,1
DA:17,1
DA:18,1
DA:21,2
LF:12
LH:12
BRF:0
BRH:0
end_of_record
TN:
SF:src\api\middlewares\auth.middleware.ts
FN:10,(anonymous_14)
FN:13,(anonymous_15)
FNF:2
FNH:2
FNDA:12,(anonymous_14)
FNDA:12,(anonymous_15)
DA:2,1
DA:3,1
DA:4,1
DA:5,1
DA:6,1
DA:10,1
DA:13,12
DA:16,12
DA:17,12
DA:18,12
DA:19,1
DA:21,11
DA:22,11
DA:23,10
DA:24,20
DA:25,10
DA:27,2
DA:28,2
LF:18
LH:18
BRDA:18,0,0,1
BRDA:18,0,1,11
BRDA:22,1,0,1
BRDA:22,1,1,10
BRF:4
BRH:4
end_of_record
TN:
SF:src\api\middlewares\joi-validation.middleware.ts
FN:7,(anonymous_14)
FN:8,(anonymous_15)
FN:8,(anonymous_16)
FN:11,(anonymous_18)
FNF:4
FNH:4
FNDA:4,(anonymous_14)
FNDA:4,(anonymous_15)
FNDA:4,(anonymous_16)
FNDA:1,(anonymous_18)
DA:3,1
DA:4,1
DA:6,1
DA:7,1
DA:8,4
DA:9,4
DA:10,4
DA:11,1
DA:12,1
DA:13,1
DA:15,3
LF:11
LH:11
BRDA:10,0,0,1
BRDA:10,0,1,3
BRF:2
BRH:2
end_of_record
TN:
SF:src\api\routes\books.routes.ts
FN:8,(anonymous_0)
FNF:1
FNH:1
FNDA:1,(anonymous_0)
DA:1,1
DA:2,1
DA:3,1
DA:4,1
DA:5,1
DA:7,1
DA:8,1
DA:9,1
DA:10,1
DA:11,1
DA:12,1
DA:16,1
DA:21,1
DA:26,1
DA:32,1
DA:37,1
DA:43,1
DA:44,1
LF:18
LH:18
BRF:0
BRH:0
end_of_record
TN:
SF:src\api\routes\users.routes.ts
FN:5,(anonymous_0)
FNF:1
FNH:1
FNDA:1,(anonymous_0)
DA:1,1
DA:2,1
DA:4,1
DA:5,1
DA:6,1
DA:7,1
LF:6
LH:6
BRF:0
BRH:0
end_of_record
TN:
SF:src\config\index.ts
FNF:0
FNH:0
DA:1,4
DA:3,4
DA:4,4
DA:6,4
DA:7,0
DA:11,4
DA:13,4
LF:7
LH:6
BRDA:3,0,0,4
BRDA:3,0,1,0
BRDA:6,1,0,0
BRDA:6,1,1,4
BRDA:14,2,0,4
BRDA:14,2,1,0
BRDA:16,3,0,4
BRDA:16,3,1,4
BRDA:19,4,0,4
BRDA:19,4,1,4
BRDA:25,5,0,4
BRDA:25,5,1,4
BRDA:26,6,0,4
BRDA:26,6,1,4
BRDA:28,7,0,4
BRDA:28,7,1,4
BRDA:30,8,0,4
BRDA:30,8,1,4
BRDA:32,9,0,4
BRDA:32,9,1,4
BRDA:34,10,0,4
BRDA:34,10,1,4
BRF:22
BRH:19
end_of_record
TN:
SF:src\helpers\validation_schema.ts
FNF:0
FNH:0
DA:1,1
DA:3,1
DA:17,1
DA:22,1
DA:29,1
LF:5
LH:5
BRF:0
BRH:0
end_of_record
TN:
SF:src\helpers\tests\db-handler.ts
FN:7,(anonymous_15)
FN:10,(anonymous_17)
FN:20,(anonymous_20)
FN:25,(anonymous_23)
FNF:4
FNH:4
FNDA:4,(anonymous_15)
FNDA:2,(anonymous_17)
FNDA:2,(anonymous_20)
FNDA:4,(anonymous_23)
DA:1,2
DA:2,2
DA:3,2
DA:4,2
DA:7,2
DA:8,2
DA:10,2
DA:11,2
DA:12,2
DA:17,4
DA:20,2
DA:21,4
DA:22,4
DA:23,2
DA:25,2
DA:26,4
DA:28,4
DA:29,8
DA:32,2
LF:19
LH:19
BRDA:11,0,0,2
BRDA:21,1,0,2
BRF:2
BRH:2
end_of_record
TN:
SF:src\helpers\tests\mock-data.ts
FNF:0
FNH:0
DA:2,5
DA:14,5
DA:19,5
DA:26,5
LF:4
LH:4
BRF:0
BRH:0
end_of_record
TN:
SF:src\helpers\tests\mocking-funtions.ts
FN:5,(anonymous_2)
FN:8,(anonymous_3)
FN:11,(anonymous_4)
FN:16,(anonymous_5)
FN:21,(anonymous_6)
FN:35,(anonymous_7)
FN:48,(anonymous_8)
FN:52,(anonymous_9)
FN:55,(anonymous_10)
FN:68,(anonymous_11)
FN:69,(anonymous_12)
FN:73,(anonymous_13)
FNF:12
FNH:6
FNDA:11,(anonymous_2)
FNDA:11,(anonymous_3)
FNDA:1,(anonymous_4)
FNDA:1,(anonymous_5)
FNDA:3,(anonymous_6)
FNDA:14,(anonymous_7)
FNDA:0,(anonymous_8)
FNDA:0,(anonymous_9)
FNDA:0,(anonymous_10)
FNDA:0,(anonymous_11)
FNDA:0,(anonymous_12)
FNDA:0,(anonymous_13)
DA:2,2
DA:3,2
DA:5,2
DA:6,11
DA:8,11
DA:11,2
DA:16,1
DA:17,1
DA:21,2
DA:26,3
DA:27,12
DA:28,11
DA:30,1
DA:35,2
DA:36,14
DA:37,14
DA:38,14
DA:39,14
DA:41,2
DA:43,2
DA:48,2
DA:49,0
DA:52,2
DA:53,0
DA:55,2
DA:56,0
DA:64,2
DA:73,2
DA:74,0
LF:29
LH:25
BRDA:27,0,0,11
BRDA:27,0,1,1
BRDA:27,1,0,12
BRDA:27,1,1,11
BRF:4
BRH:4
end_of_record
TN:
SF:src\loaders\express.ts
FN:15,(anonymous_14)
FN:21,(anonymous_15)
FN:22,(anonymous_16)
FN:31,(anonymous_17)
FN:31,(anonymous_18)
FN:35,(anonymous_20)
FNF:6
FNH:6
FNDA:1,(anonymous_14)
FNDA:13,(anonymous_15)
FNDA:13,(anonymous_16)
FNDA:1,(anonymous_17)
FNDA:1,(anonymous_18)
FNDA:12,(anonymous_20)
DA:1,1
DA:7,1
DA:8,1
DA:9,1
DA:10,1
DA:11,1
DA:12,1
DA:13,1
DA:15,1
DA:16,1
DA:18,1
DA:21,1
DA:22,13
DA:23,13
DA:24,13
DA:29,1
DA:31,1
DA:32,1
DA:35,1
DA:36,12
DA:37,12
LF:21
LH:21
BRDA:36,0,0,12
BRDA:36,0,1,0
BRDA:38,1,0,12
BRDA:38,1,1,0
BRF:4
BRH:2
end_of_record
TN:
SF:src\loaders\index.ts
FN:6,(anonymous_14)
FNF:1
FNH:1
FNDA:1,(anonymous_14)
DA:2,1
DA:3,1
DA:4,1
DA:6,1
DA:7,2
DA:8,2
DA:9,1
LF:7
LH:7
BRDA:7,0,0,1
BRF:1
BRH:1
end_of_record
TN:
SF:src\loaders\logger.ts
FN:21,(anonymous_1)
FNF:1
FNH:1
FNDA:75,(anonymous_1)
DA:1,3
DA:2,3
DA:3,3
DA:4,3
DA:6,3
DA:7,3
DA:8,0
DA:17,3
DA:21,3
DA:22,75
DA:23,75
DA:27,75
DA:30,3
DA:45,3
LF:14
LH:13
BRDA:7,0,0,0
BRDA:7,0,1,3
BRDA:25,1,0,43
BRDA:25,1,1,32
BRDA:24,2,0,75
BRDA:24,2,1,47
BRF:6
BRH:5
end_of_record
TN:
SF:src\loaders\mongoose.ts
FN:5,(anonymous_14)
FN:14,(anonymous_17)
FNF:2
FNH:2
FNDA:2,(anonymous_14)
FNDA:1,(anonymous_17)
DA:1,1
DA:2,1
DA:3,1
DA:5,1
DA:6,1
DA:7,2
DA:14,1
LF:7
LH:7
BRF:0
BRH:0
end_of_record
TN:
SF:src\models\books.model.ts
FNF:0
FNH:0
DA:1,4
DA:3,4
DA:38,4
LF:3
LH:3
BRF:0
BRH:0
end_of_record
TN:
SF:src\models\review.model.ts
FNF:0
FNH:0
DA:1,4
DA:3,4
DA:14,4
LF:3
LH:3
BRF:0
BRH:0
end_of_record
TN:
SF:src\services\books.service.ts
FN:7,(anonymous_17)
FN:8,(anonymous_19)
FN:15,(anonymous_20)
FN:23,(anonymous_23)
FN:30,(anonymous_26)
FN:39,(anonymous_29)
FN:47,(anonymous_32)
FN:54,(anonymous_35)
FN:65,(anonymous_38)
FN:72,(anonymous_41)
FN:85,(anonymous_44)
FNF:11
FNH:11
FNDA:28,(anonymous_17)
FNDA:3,(anonymous_19)
FNDA:2,(anonymous_20)
FNDA:3,(anonymous_23)
FNDA:3,(anonymous_26)
FNDA:2,(anonymous_29)
FNDA:3,(anonymous_32)
FNDA:3,(anonymous_35)
FNDA:3,(anonymous_38)
FNDA:3,(anonymous_41)
FNDA:3,(anonymous_44)
DA:1,3
DA:3,3
DA:4,3
DA:7,3
DA:8,3
DA:9,3
DA:10,3
DA:12,1
DA:15,3
DA:16,2
DA:17,2
DA:18,2
DA:20,1
DA:23,3
DA:24,3
DA:25,3
DA:27,1
DA:30,3
DA:31,3
DA:32,3
DA:36,1
DA:39,3
DA:40,2
DA:41,2
DA:43,1
DA:47,3
DA:48,3
DA:49,3
DA:51,1
DA:54,3
DA:56,3
DA:57,1
DA:58,2
DA:59,1
DA:60,1
DA:62,2
DA:65,3
DA:66,3
DA:67,3
DA:69,1
DA:72,3
DA:77,3
DA:78,3
DA:82,1
DA:85,3
DA:86,3
DA:87,3
DA:89,1
DA:92,3
LF:49
LH:49
BRDA:59,0,0,0
BRDA:59,0,1,1
BRDA:59,1,0,1
BRDA:59,1,1,1
BRDA:60,2,0,0
BRDA:60,2,1,1
BRDA:60,3,0,1
BRDA:60,3,1,1
BRF:8
BRH:6
end_of_record
TN:
SF:src\services\okta-client.service.ts
FN:8,(anonymous_15)
FN:9,(anonymous_17)
FNF:2
FNH:2
FNDA:12,(anonymous_15)
FNDA:2,(anonymous_17)
DA:1,3
DA:2,3
DA:3,3
DA:5,3
DA:8,3
DA:9,3
DA:10,2
DA:13,2
DA:26,3
LF:9
LH:9
BRDA:13,0,0,2
BRF:1
BRH:1
end_of_record
